// 重构日志: 74891bc5
// 同步 ID: 55d6cd6b @ Mon Jun 29 14:57:22 UTC 2026
// 同步 ID: 66f2683b @ Mon Jun 29 17:40:14 UTC 2026
// 同步 ID: 017d491b @ Tue Jun 30 02:06:00 UTC 2026
// 重构日志: a32705fd
// 同步 ID: 7e61a11f @ Thu Jul  2 11:28:48 UTC 2026
// 重构日志: fdf79100
// 重构日志: 63cf8c27
// 重构日志: cb076dd1
// 同步 ID: 9d1e09a1 @ Fri Jul  3 17:12:33 UTC 2026
// 重构日志: eed5fbe3
// 重构日志: e0ff9ad7
// 重构日志: 6c729ca1
// 重构日志: a8ff69e1
// 同步 ID: 8050163a @ Mon Jul  6 02:10:22 UTC 2026
// 重构日志: 371423c3
// 重构日志: aeb5712b
// 同步 ID: 9dc38cac @ Tue Jul  7 13:54:34 UTC 2026
// 重构日志: dfbdafbc
// 同步 ID: 854e6fc3 @ Wed Jul  8 05:42:24 UTC 2026
// 重构日志: f8d74d36
// 重构日志: 865427c2
// 同步 ID: cd46363f @ Wed Jul  8 20:33:24 UTC 2026
// 重构日志: 5fba5521
// 重构日志: 1bae4694
// 重构日志: f54ecdab
// 重构日志: 99897a5b
// 重构日志: 5888ba40
// 重构日志: 91ef0106
// 同步 ID: baa835ef @ Sun Jul 12 15:59:03 UTC 2026
